github.com/gomlx/gopjrt/pjrt/buffers.go:26:		newBuffer				83.3%
github.com/gomlx/gopjrt/pjrt/buffers.go:42:		Destroy					100.0%
github.com/gomlx/gopjrt/pjrt/buffers.go:58:		Dimensions				71.4%
github.com/gomlx/gopjrt/pjrt/buffers.go:80:		DType					76.9%
github.com/gomlx/gopjrt/pjrt/buffers.go:100:		Device					0.0%
github.com/gomlx/gopjrt/pjrt/buffers.go:119:		Client					0.0%
github.com/gomlx/gopjrt/pjrt/buffers.go:148:		FromRawData				83.3%
github.com/gomlx/gopjrt/pjrt/buffers.go:163:		ToDevice				0.0%
github.com/gomlx/gopjrt/pjrt/buffers.go:190:		ToDeviceNum				0.0%
github.com/gomlx/gopjrt/pjrt/buffers.go:203:		Done					82.2%
github.com/gomlx/gopjrt/pjrt/buffers.go:276:		FromFlatDataWithDimensions		62.5%
github.com/gomlx/gopjrt/pjrt/buffers.go:317:		ScalarToRaw				0.0%
github.com/gomlx/gopjrt/pjrt/buffers.go:324:		Size					0.0%
github.com/gomlx/gopjrt/pjrt/buffers.go:343:		ToHost					85.7%
github.com/gomlx/gopjrt/pjrt/buffers.go:376:		BufferToScalar				100.0%
github.com/gomlx/gopjrt/pjrt/buffers.go:391:		ScalarToBuffer				100.0%
github.com/gomlx/gopjrt/pjrt/buffers.go:406:		ScalarToBufferOnDeviceNum		0.0%
github.com/gomlx/gopjrt/pjrt/buffers.go:422:		ArrayToBuffer				100.0%
github.com/gomlx/gopjrt/pjrt/buffers.go:427:		BufferToArray				76.9%
github.com/gomlx/gopjrt/pjrt/buffers.go:470:		ToFlatDataAndDimensions			0.0%
github.com/gomlx/gopjrt/pjrt/clients.go:17:		pjrtClientPlatformName			85.7%
github.com/gomlx/gopjrt/pjrt/clients.go:28:		pjrtClientPlatformVersion		85.7%
github.com/gomlx/gopjrt/pjrt/clients.go:39:		pjrtClientProcessIndex			85.7%
github.com/gomlx/gopjrt/pjrt/clients.go:50:		pjrtClientDevices			0.0%
github.com/gomlx/gopjrt/pjrt/clients.go:66:		pjrtClientAddressableDevices		90.9%
github.com/gomlx/gopjrt/pjrt/clients.go:84:		pjrtClientCompile			94.7%
github.com/gomlx/gopjrt/pjrt/clients.go:121:		newClient				69.2%
github.com/gomlx/gopjrt/pjrt/clients.go:166:		finalizeClient				0.0%
github.com/gomlx/gopjrt/pjrt/clients.go:175:		Destroy					0.0%
github.com/gomlx/gopjrt/pjrt/clients.go:191:		String					0.0%
github.com/gomlx/gopjrt/pjrt/clients.go:207:		Platform				0.0%
github.com/gomlx/gopjrt/pjrt/clients.go:212:		PlatformVersion				0.0%
github.com/gomlx/gopjrt/pjrt/clients.go:218:		ProcessIndex				0.0%
github.com/gomlx/gopjrt/pjrt/clients.go:224:		Devices					0.0%
github.com/gomlx/gopjrt/pjrt/clients.go:233:		AddressableDevices			100.0%
github.com/gomlx/gopjrt/pjrt/clients.go:241:		NumForDevice				0.0%
github.com/gomlx/gopjrt/pjrt/clients.go:261:		Compile					100.0%
github.com/gomlx/gopjrt/pjrt/clients.go:270:		BufferFromHost				100.0%
github.com/gomlx/gopjrt/pjrt/common.go:6:		keys					0.0%
github.com/gomlx/gopjrt/pjrt/compile.go:47:		newCompileConfig			100.0%
github.com/gomlx/gopjrt/pjrt/compile.go:64:		Done					77.3%
github.com/gomlx/gopjrt/pjrt/compile.go:115:		WithHLO					62.5%
github.com/gomlx/gopjrt/pjrt/compile.go:145:		WithComputation				57.1%
github.com/gomlx/gopjrt/pjrt/cuda.go:14:		isCuda					100.0%
github.com/gomlx/gopjrt/pjrt/cuda.go:22:		hasNvidiaGPU				0.0%
github.com/gomlx/gopjrt/pjrt/cuda.go:43:		cudaPluginCheckDrivers			30.8%
github.com/gomlx/gopjrt/pjrt/devices.go:14:		pjrtDeviceLocalHardwareId		85.7%
github.com/gomlx/gopjrt/pjrt/devices.go:25:		pjrtDeviceDescriptionProcessIndex	0.0%
github.com/gomlx/gopjrt/pjrt/devices.go:62:		newDevice				83.3%
github.com/gomlx/gopjrt/pjrt/devices.go:73:		IsAddressable				0.0%
github.com/gomlx/gopjrt/pjrt/devices.go:86:		LocalHardwareId				0.0%
github.com/gomlx/gopjrt/pjrt/devices.go:91:		GetDescription				0.0%
github.com/gomlx/gopjrt/pjrt/devices.go:116:		newDeviceDescription			0.0%
github.com/gomlx/gopjrt/pjrt/devices.go:131:		ProcessIndex				0.0%
github.com/gomlx/gopjrt/pjrt/devices.go:140:		DebugString				0.0%
github.com/gomlx/gopjrt/pjrt/dynamiclib.go:74:		init					60.0%
github.com/gomlx/gopjrt/pjrt/dynamiclib.go:89:		loadNamedPlugin				74.2%
github.com/gomlx/gopjrt/pjrt/dynamiclib.go:149:		pathToPluginName			100.0%
github.com/gomlx/gopjrt/pjrt/dynamiclib.go:167:		AvailablePlugins			0.0%
github.com/gomlx/gopjrt/pjrt/dynamiclib.go:171:		searchPlugin				100.0%
github.com/gomlx/gopjrt/pjrt/dynamiclib.go:176:		searchPlugins				84.2%
github.com/gomlx/gopjrt/pjrt/dynamiclib.go:210:		checkPlugin				60.9%
github.com/gomlx/gopjrt/pjrt/dynamiclib.go:259:		SuppressAbseilLoggingHack		0.0%
github.com/gomlx/gopjrt/pjrt/dynamiclib.go:276:		suppressLogging				0.0%
github.com/gomlx/gopjrt/pjrt/dynamiclib_dlopen.go:63:	osDefaultLibraryPaths			83.3%
github.com/gomlx/gopjrt/pjrt/dynamiclib_dlopen.go:77:	loadLibraryPaths			78.6%
github.com/gomlx/gopjrt/pjrt/dynamiclib_dlopen.go:118:	loadPlugin				53.6%
github.com/gomlx/gopjrt/pjrt/dynamiclib_dlopen.go:167:	GetPJRTApiFn				100.0%
github.com/gomlx/gopjrt/pjrt/dynamiclib_dlopen.go:172:	GetSymbolPointer			87.5%
github.com/gomlx/gopjrt/pjrt/dynamiclib_dlopen.go:187:	Close					83.3%
github.com/gomlx/gopjrt/pjrt/error.go:16:		pjrtErrorDestroy			0.0%
github.com/gomlx/gopjrt/pjrt/error.go:24:		pjrtErrorMessage			0.0%
github.com/gomlx/gopjrt/pjrt/error.go:34:		pjrtErrorGetCode			0.0%
github.com/gomlx/gopjrt/pjrt/error.go:46:		toError					33.3%
github.com/gomlx/gopjrt/pjrt/events.go:25:		newEvent				83.3%
github.com/gomlx/gopjrt/pjrt/events.go:41:		Destroy					100.0%
github.com/gomlx/gopjrt/pjrt/events.go:57:		Await					85.7%
github.com/gomlx/gopjrt/pjrt/events.go:71:		AwaitAndFree				0.0%
github.com/gomlx/gopjrt/pjrt/executables.go:25:		newExecutable				75.0%
github.com/gomlx/gopjrt/pjrt/executables.go:36:		Destroy					90.0%
github.com/gomlx/gopjrt/pjrt/executables.go:52:		destroyOrLog				66.7%
github.com/gomlx/gopjrt/pjrt/executables.go:60:		NumOutputs				80.0%
github.com/gomlx/gopjrt/pjrt/executables.go:76:		Name					80.0%
github.com/gomlx/gopjrt/pjrt/gen_chelper.go:21:		cFree					100.0%
github.com/gomlx/gopjrt/pjrt/gen_chelper.go:27:		cSizeOf					100.0%
github.com/gomlx/gopjrt/pjrt/gen_chelper.go:34:		cMalloc					0.0%
github.com/gomlx/gopjrt/pjrt/gen_chelper.go:43:		cMallocArray				100.0%
github.com/gomlx/gopjrt/pjrt/gen_chelper.go:52:		cMallocArrayFromSlice			100.0%
github.com/gomlx/gopjrt/pjrt/gen_chelper.go:62:		cMallocArrayAndSet			100.0%
github.com/gomlx/gopjrt/pjrt/gen_chelper.go:73:		cDataToSlice				100.0%
github.com/gomlx/gopjrt/pjrt/gen_chelper.go:79:		cCharArray				100.0%
github.com/gomlx/gopjrt/pjrt/gen_chelper.go:86:		cStrFree				0.0%
github.com/gomlx/gopjrt/pjrt/loadedexecutables.go:37:	newLoadedExecutable			64.7%
github.com/gomlx/gopjrt/pjrt/loadedexecutables.go:67:	Destroy					91.7%
github.com/gomlx/gopjrt/pjrt/loadedexecutables.go:86:	destroyOrLog				66.7%
github.com/gomlx/gopjrt/pjrt/loadedexecutables.go:94:	getExecutable				80.0%
github.com/gomlx/gopjrt/pjrt/loadedexecutables.go:122:	Execute					100.0%
github.com/gomlx/gopjrt/pjrt/loadedexecutables.go:152:	OnDevices				0.0%
github.com/gomlx/gopjrt/pjrt/loadedexecutables.go:187:	OnDevicesByNum				0.0%
github.com/gomlx/gopjrt/pjrt/loadedexecutables.go:211:	DonateAll				0.0%
github.com/gomlx/gopjrt/pjrt/loadedexecutables.go:220:	DonateNone				100.0%
github.com/gomlx/gopjrt/pjrt/loadedexecutables.go:234:	Donate					0.0%
github.com/gomlx/gopjrt/pjrt/loadedexecutables.go:245:	SetDonate				0.0%
github.com/gomlx/gopjrt/pjrt/loadedexecutables.go:262:	Done					88.6%
github.com/gomlx/gopjrt/pjrt/loadedexecutables.go:319:	allocatePerDeviceBufferList		88.9%
github.com/gomlx/gopjrt/pjrt/loadedexecutables.go:339:	freePerDeviceBufferList			100.0%
github.com/gomlx/gopjrt/pjrt/loadedexecutables.go:348:	gatherPerDeviceBufferList		100.0%
github.com/gomlx/gopjrt/pjrt/namedvalues.go:20:		pjrtNamedValuesToMap			25.0%
github.com/gomlx/gopjrt/pjrt/namedvalues.go:50:		mallocArrayPJRT_NamedValue		6.7%
github.com/gomlx/gopjrt/pjrt/namedvalues.go:101:	destroyPJRT_NamedValue			0.0%
github.com/gomlx/gopjrt/pjrt/plugins.go:32:		pjrtPluginInitialize			100.0%
github.com/gomlx/gopjrt/pjrt/plugins.go:40:		pjrtPluginAttributes			87.5%
github.com/gomlx/gopjrt/pjrt/plugins.go:54:		newPlugin				75.0%
github.com/gomlx/gopjrt/pjrt/plugins.go:76:		GetPlugin				100.0%
github.com/gomlx/gopjrt/pjrt/plugins.go:81:		Name					100.0%
github.com/gomlx/gopjrt/pjrt/plugins.go:86:		Path					100.0%
github.com/gomlx/gopjrt/pjrt/plugins.go:91:		Version					100.0%
github.com/gomlx/gopjrt/pjrt/plugins.go:96:		Attributes				100.0%
github.com/gomlx/gopjrt/pjrt/plugins.go:101:		String					75.0%
github.com/gomlx/gopjrt/pjrt/plugins.go:111:		NewClient				100.0%
total:							(statements)				55.7%
